# JRE version: Java(TM) SE Runtime Environment (19.0.1+10) (build 19.0.1+10-21)
# Java VM: Java HotSpot(TM) 64-Bit Server VM (19.0.1+10-21, mixed mode, sharing, tiered, compressed oops, compressed class ptrs, g1 gc, windows-amd64)
GC Precious Log:
 CardTable entry size: 512
 Card Set container configuration: InlinePtr #cards 5 size 8 Array Of Cards #cards 12 size 40 Howl #buckets 4 coarsen threshold 1843 Howl Bitmap #cards 512 size 80 coarsen threshold 460 Card regions per heap region 1 cards per card region 2048
 CPUs: 4 total, 4 available
 Memory: 8081M
 Large Page Support: Disabled
 NUMA Support: Disabled
 Compressed Oops: Enabled (32-bit)
 Heap Region Size: 1M
 Heap Min Capacity: 8M
 Heap Initial Capacity: 128M
 Heap Max Capacity: 2022M
 Pre-touch: Disabled
 Parallel Workers: 4
 Concurrent Workers: 1
 Concurrent Refinement Workers: 4
 Periodic GC: Disabled
Heap:
 garbage-first heap   total 65536K, used 37841K [0x0000000081a00000, 0x0000000100000000)
  region size 1024K, 1 young (1024K), 1 survivors (1024K)
 Metaspace       used 58848K, committed 59328K, reserved 1114112K
  class space    used 7576K, committed 7808K, reserved 1048576K
GC Heap History (20 events):
Event: 11.897 GC heap after
{Heap after GC invocations=14 (full 0):
 garbage-first heap   total 48128K, used 22862K [0x0000000081a00000, 0x0000000100000000)
  region size 1024K, 2 young (2048K), 2 survivors (2048K)
 Metaspace       used 52694K, committed 53056K, reserved 1114112K
  class space    used 6806K, committed 6976K, reserved 1048576K
}
Event: 12.697 GC heap before
{Heap before GC invocations=14 (full 0):
 garbage-first heap   total 48128K, used 37198K [0x0000000081a00000, 0x0000000100000000)
  region size 1024K, 16 young (16384K), 2 survivors (2048K)
 Metaspace       used 54585K, committed 54976K, reserved 1114112K
  class space    used 7057K, committed 7232K, reserved 1048576K
}
Event: 12.701 GC heap after
{Heap after GC invocations=15 (full 0):
 garbage-first heap   total 48128K, used 23854K [0x0000000081a00000, 0x0000000100000000)
  region size 1024K, 1 young (1024K), 1 survivors (1024K)
 Metaspace       used 54585K, committed 54976K, reserved 1114112K
  class space    used 7057K, committed 7232K, reserved 1048576K
}
Event: 13.392 GC heap before
{Heap before GC invocations=15 (full 0):
 garbage-first heap   total 48128K, used 36142K [0x0000000081a00000, 0x0000000100000000)
  region size 1024K, 14 young (14336K), 1 survivors (1024K)
 Metaspace       used 56299K, committed 56768K, reserved 1114112K
  class space    used 7274K, committed 7488K, reserved 1048576K
}
Event: 13.399 GC heap after
{Heap after GC invocations=16 (full 0):
 garbage-first heap   total 48128K, used 25197K [0x0000000081a00000, 0x0000000100000000)
  region size 1024K, 2 young (2048K), 2 survivors (2048K)
 Metaspace       used 56299K, committed 56768K, reserved 1114112K
  class space    used 7274K, committed 7488K, reserved 1048576K
}
Event: 14.494 GC heap before
{Heap before GC invocations=17 (full 0):
 garbage-first heap   total 48128K, used 38509K [0x0000000081a00000, 0x0000000100000000)
  region size 1024K, 15 young (15360K), 2 survivors (2048K)
 Metaspace       used 58403K, committed 58880K, reserved 1114112K
  class space    used 7547K, committed 7744K, reserved 1048576K
}
Event: 14.500 GC heap after
{Heap after GC invocations=18 (full 0):
 garbage-first heap   total 48128K, used 26749K [0x0000000081a00000, 0x0000000100000000)
  region size 1024K, 2 young (2048K), 2 survivors (2048K)
 Metaspace       used 58403K, committed 58880K, reserved 1114112K
  class space    used 7547K, committed 7744K, reserved 1048576K
}
Event: 14.560 GC heap before
{Heap before GC invocations=18 (full 0):
 garbage-first heap   total 48128K, used 27773K [0x0000000081a00000, 0x0000000100000000)
  region size 1024K, 3 young (3072K), 2 survivors (2048K)
 Metaspace       used 58455K, committed 58880K, reserved 1114112K
  class space    used 7549K, committed 7744K, reserved 1048576K
}
Event: 14.566 GC heap after
{Heap after GC invocations=19 (full 0):
 garbage-first heap   total 48128K, used 26663K [0x0000000081a00000, 0x0000000100000000)
  region size 1024K, 1 young (1024K), 1 survivors (1024K)
 Metaspace       used 58455K, committed 58880K, reserved 1114112K
  class space    used 7549K, committed 7744K, reserved 1048576K
}
Event: 14.608 GC heap before
{Heap before GC invocations=19 (full 0):
 garbage-first heap   total 48128K, used 27687K [0x0000000081a00000, 0x0000000100000000)
  region size 1024K, 3 young (3072K), 1 survivors (1024K)
 Metaspace       used 58597K, committed 59008K, reserved 1114112K
  class space    used 7563K, committed 7744K, reserved 1048576K
}
Event: 14.610 GC heap after
{Heap after GC invocations=20 (full 0):
 garbage-first heap   total 48128K, used 26795K [0x0000000081a00000, 0x0000000100000000)
  region size 1024K, 1 young (1024K), 1 survivors (1024K)
 Metaspace       used 58597K, committed 59008K, reserved 1114112K
  class space    used 7563K, committed 7744K, reserved 1048576K
}
Event: 14.812 GC heap before
{Heap before GC invocations=21 (full 0):
 garbage-first heap   total 56320K, used 38059K [0x0000000081a00000, 0x0000000100000000)
  region size 1024K, 12 young (12288K), 1 survivors (1024K)
 Metaspace       used 58650K, committed 59136K, reserved 1114112K
  class space    used 7563K, committed 7744K, reserved 1048576K
}
Event: 14.816 GC heap after
{Heap after GC invocations=22 (full 0):
 garbage-first heap   total 56320K, used 29347K [0x0000000081a00000, 0x0000000100000000)
  region size 1024K, 2 young (2048K), 2 survivors (2048K)
 Metaspace       used 58650K, committed 59136K, reserved 1114112K
  class space    used 7563K, committed 7744K, reserved 1048576K
}
Event: 14.831 GC heap before
{Heap before GC invocations=22 (full 0):
 garbage-first heap   total 56320K, used 30371K [0x0000000081a00000, 0x0000000100000000)
  region size 1024K, 3 young (3072K), 2 survivors (2048K)
 Metaspace       used 58650K, committed 59136K, reserved 1114112K
  class space    used 7563K, committed 7744K, reserved 1048576K
}
Event: 14.837 GC heap after
{Heap after GC invocations=23 (full 0):
 garbage-first heap   total 56320K, used 29743K [0x0000000081a00000, 0x0000000100000000)
  region size 1024K, 1 young (1024K), 1 survivors (1024K)
 Metaspace       used 58650K, committed 59136K, reserved 1114112K
  class space    used 7563K, committed 7744K, reserved 1048576K
}
Event: 15.070 GC heap before
{Heap before GC invocations=23 (full 0):
 garbage-first heap   total 56320K, used 42031K [0x0000000081a00000, 0x0000000100000000)
  region size 1024K, 14 young (14336K), 1 survivors (1024K)
 Metaspace       used 58666K, committed 59136K, reserved 1114112K
  class space    used 7563K, committed 7744K, reserved 1048576K
}
Event: 15.074 GC heap after
{Heap after GC invocations=24 (full 0):
 garbage-first heap   total 56320K, used 32485K [0x0000000081a00000, 0x0000000100000000)
  region size 1024K, 2 young (2048K), 2 survivors (2048K)
 Metaspace       used 58666K, committed 59136K, reserved 1114112K
  class space    used 7563K, committed 7744K, reserved 1048576K
}
Event: 15.459 GC heap before
{Heap before GC invocations=25 (full 0):
 garbage-first heap   total 65536K, used 43749K [0x0000000081a00000, 0x0000000100000000)
  region size 1024K, 12 young (12288K), 2 survivors (2048K)
 Metaspace       used 58848K, committed 59328K, reserved 1114112K
  class space    used 7576K, committed 7808K, reserved 1048576K
}
Event: 15.469 GC heap after
{Heap after GC invocations=26 (full 0):
 garbage-first heap   total 65536K, used 37196K [0x0000000081a00000, 0x0000000100000000)
  region size 1024K, 2 young (2048K), 2 survivors (2048K)
 Metaspace       used 58848K, committed 59328K, reserved 1114112K
  class space    used 7576K, committed 7808K, reserved 1048576K
}
Event: 15.475 GC heap before
{Heap before GC invocations=26 (full 0):
 garbage-first heap   total 65536K, used 38220K [0x0000000081a00000, 0x0000000100000000)
  region size 1024K, 3 young (3072K), 2 survivors (2048K)
 Metaspace       used 58848K, committed 59328K, reserved 1114112K
  class space    used 7576K, committed 7808K, reserved 1048576K
}

