# JRE version: Java(TM) SE Runtime Environment (19.0.1+10) (build 19.0.1+10-21)
# Java VM: Java HotSpot(TM) 64-Bit Server VM (19.0.1+10-21, mixed mode, sharing, tiered, compressed oops, compressed class ptrs, g1 gc, windows-amd64)
GC Precious Log:
 CardTable entry size: 512
 Card Set container configuration: InlinePtr #cards 5 size 8 Array Of Cards #cards 12 size 40 Howl #buckets 4 coarsen threshold 1843 Howl Bitmap #cards 512 size 80 coarsen threshold 460 Card regions per heap region 1 cards per card region 2048
 CPUs: 4 total, 4 available
 Memory: 8081M
 Large Page Support: Disabled
 NUMA Support: Disabled
 Compressed Oops: Enabled (32-bit)
 Heap Region Size: 1M
 Heap Min Capacity: 8M
 Heap Initial Capacity: 128M
 Heap Max Capacity: 2022M
 Pre-touch: Disabled
 Parallel Workers: 4
 Concurrent Workers: 1
 Concurrent Refinement Workers: 4
 Periodic GC: Disabled
Heap:
 garbage-first heap   total 86016K, used 34495K [0x0000000081a00000, 0x0000000100000000)
  region size 1024K, 1 young (1024K), 1 survivors (1024K)
 Metaspace       used 58973K, committed 59520K, reserved 1114112K
  class space    used 7577K, committed 7808K, reserved 1048576K
GC Heap History (20 events):
Event: 10.100 GC heap after
{Heap after GC invocations=13 (full 0):
 garbage-first heap   total 48128K, used 20620K [0x0000000081a00000, 0x0000000100000000)
  region size 1024K, 1 young (1024K), 1 survivors (1024K)
 Metaspace       used 44586K, committed 44928K, reserved 1114112K
  class space    used 5689K, committed 5824K, reserved 1048576K
}
Event: 10.720 GC heap before
{Heap before GC invocations=13 (full 0):
 garbage-first heap   total 48128K, used 34956K [0x0000000081a00000, 0x0000000100000000)
  region size 1024K, 16 young (16384K), 1 survivors (1024K)
 Metaspace       used 48757K, committed 49152K, reserved 1114112K
  class space    used 6293K, committed 6464K, reserved 1048576K
}
Event: 10.723 GC heap after
{Heap after GC invocations=14 (full 0):
 garbage-first heap   total 58368K, used 21326K [0x0000000081a00000, 0x0000000100000000)
  region size 1024K, 2 young (2048K), 2 survivors (2048K)
 Metaspace       used 48757K, committed 49152K, reserved 1114112K
  class space    used 6293K, committed 6464K, reserved 1048576K
}
Event: 11.975 GC heap before
{Heap before GC invocations=14 (full 0):
 garbage-first heap   total 58368K, used 43854K [0x0000000081a00000, 0x0000000100000000)
  region size 1024K, 24 young (24576K), 2 survivors (2048K)
 Metaspace       used 53934K, committed 54336K, reserved 1114112K
  class space    used 6971K, committed 7168K, reserved 1048576K
}
Event: 11.980 GC heap after
{Heap after GC invocations=15 (full 0):
 garbage-first heap   total 58368K, used 23037K [0x0000000081a00000, 0x0000000100000000)
  region size 1024K, 3 young (3072K), 3 survivors (3072K)
 Metaspace       used 53934K, committed 54336K, reserved 1114112K
  class space    used 6971K, committed 7168K, reserved 1048576K
}
Event: 12.930 GC heap before
{Heap before GC invocations=15 (full 0):
 garbage-first heap   total 58368K, used 44541K [0x0000000081a00000, 0x0000000100000000)
  region size 1024K, 24 young (24576K), 3 survivors (3072K)
 Metaspace       used 56228K, committed 56640K, reserved 1114112K
  class space    used 7259K, committed 7488K, reserved 1048576K
}
Event: 12.941 GC heap after
{Heap after GC invocations=16 (full 0):
 garbage-first heap   total 58368K, used 24835K [0x0000000081a00000, 0x0000000100000000)
  region size 1024K, 2 young (2048K), 2 survivors (2048K)
 Metaspace       used 56228K, committed 56640K, reserved 1114112K
  class space    used 7259K, committed 7488K, reserved 1048576K
}
Event: 14.559 GC heap before
{Heap before GC invocations=16 (full 0):
 garbage-first heap   total 58368K, used 46339K [0x0000000081a00000, 0x0000000100000000)
  region size 1024K, 22 young (22528K), 2 survivors (2048K)
 Metaspace       used 58813K, committed 59264K, reserved 1114112K
  class space    used 7565K, committed 7808K, reserved 1048576K
}
Event: 14.566 GC heap after
{Heap after GC invocations=17 (full 0):
 garbage-first heap   total 58368K, used 28964K [0x0000000081a00000, 0x0000000100000000)
  region size 1024K, 3 young (3072K), 3 survivors (3072K)
 Metaspace       used 58813K, committed 59264K, reserved 1114112K
  class space    used 7565K, committed 7808K, reserved 1048576K
}
Event: 14.718 GC heap before
{Heap before GC invocations=17 (full 0):
 garbage-first heap   total 58368K, used 44324K [0x0000000081a00000, 0x0000000100000000)
  region size 1024K, 19 young (19456K), 3 survivors (3072K)
 Metaspace       used 58874K, committed 59392K, reserved 1114112K
  class space    used 7565K, committed 7808K, reserved 1048576K
}
Event: 14.725 GC heap after
{Heap after GC invocations=18 (full 0):
 garbage-first heap   total 58368K, used 31829K [0x0000000081a00000, 0x0000000100000000)
  region size 1024K, 3 young (3072K), 3 survivors (3072K)
 Metaspace       used 58874K, committed 59392K, reserved 1114112K
  class space    used 7565K, committed 7808K, reserved 1048576K
}
Event: 15.041 GC heap before
{Heap before GC invocations=19 (full 0):
 garbage-first heap   total 63488K, used 44117K [0x0000000081a00000, 0x0000000100000000)
  region size 1024K, 15 young (15360K), 3 survivors (3072K)
 Metaspace       used 58961K, committed 59456K, reserved 1114112K
  class space    used 7577K, committed 7808K, reserved 1048576K
}
Event: 15.049 GC heap after
{Heap after GC invocations=20 (full 0):
 garbage-first heap   total 63488K, used 35750K [0x0000000081a00000, 0x0000000100000000)
  region size 1024K, 2 young (2048K), 2 survivors (2048K)
 Metaspace       used 58961K, committed 59456K, reserved 1114112K
  class space    used 7577K, committed 7808K, reserved 1048576K
}
Event: 15.056 GC heap before
{Heap before GC invocations=20 (full 0):
 garbage-first heap   total 63488K, used 36774K [0x0000000081a00000, 0x0000000100000000)
  region size 1024K, 3 young (3072K), 2 survivors (2048K)
 Metaspace       used 58961K, committed 59456K, reserved 1114112K
  class space    used 7577K, committed 7808K, reserved 1048576K
}
Event: 15.062 GC heap after
{Heap after GC invocations=21 (full 0):
 garbage-first heap   total 63488K, used 36501K [0x0000000081a00000, 0x0000000100000000)
  region size 1024K, 1 young (1024K), 1 survivors (1024K)
 Metaspace       used 58961K, committed 59456K, reserved 1114112K
  class space    used 7577K, committed 7808K, reserved 1048576K
}
Event: 15.123 GC heap before
{Heap before GC invocations=21 (full 0):
 garbage-first heap   total 63488K, used 46741K [0x0000000081a00000, 0x0000000100000000)
  region size 1024K, 11 young (11264K), 1 survivors (1024K)
 Metaspace       used 58968K, committed 59456K, reserved 1114112K
  class space    used 7577K, committed 7808K, reserved 1048576K
}
Event: 15.127 GC heap after
{Heap after GC invocations=22 (full 0):
 garbage-first heap   total 63488K, used 38416K [0x0000000081a00000, 0x0000000100000000)
  region size 1024K, 2 young (2048K), 2 survivors (2048K)
 Metaspace       used 58968K, committed 59456K, reserved 1114112K
  class space    used 7577K, committed 7808K, reserved 1048576K
}
Event: 15.275 GC heap before
{Heap before GC invocations=23 (full 0):
 garbage-first heap   total 71680K, used 48656K [0x0000000081a00000, 0x0000000100000000)
  region size 1024K, 12 young (12288K), 2 survivors (2048K)
 Metaspace       used 58973K, committed 59520K, reserved 1114112K
  class space    used 7577K, committed 7808K, reserved 1048576K
}
Event: 15.280 GC heap after
{Heap after GC invocations=24 (full 0):
 garbage-first heap   total 71680K, used 39667K [0x0000000081a00000, 0x0000000100000000)
  region size 1024K, 2 young (2048K), 2 survivors (2048K)
 Metaspace       used 58973K, committed 59520K, reserved 1114112K
  class space    used 7577K, committed 7808K, reserved 1048576K
}
Event: 15.292 GC heap before
{Heap before GC invocations=24 (full 0):
 garbage-first heap   total 71680K, used 40691K [0x0000000081a00000, 0x0000000100000000)
  region size 1024K, 3 young (3072K), 2 survivors (2048K)
 Metaspace       used 58973K, committed 59520K, reserved 1114112K
  class space    used 7577K, committed 7808K, reserved 1048576K
}

