# JRE version: Java(TM) SE Runtime Environment (19.0.1+10) (build 19.0.1+10-21)
# Java VM: Java HotSpot(TM) 64-Bit Server VM (19.0.1+10-21, mixed mode, sharing, tiered, compressed oops, compressed class ptrs, g1 gc, windows-amd64)
GC Precious Log:
 CardTable entry size: 512
 Card Set container configuration: InlinePtr #cards 5 size 8 Array Of Cards #cards 12 size 40 Howl #buckets 4 coarsen threshold 1843 Howl Bitmap #cards 512 size 80 coarsen threshold 460 Card regions per heap region 1 cards per card region 2048
 CPUs: 4 total, 4 available
 Memory: 8081M
 Large Page Support: Disabled
 NUMA Support: Disabled
 Compressed Oops: Enabled (32-bit)
 Heap Region Size: 1M
 Heap Min Capacity: 8M
 Heap Initial Capacity: 128M
 Heap Max Capacity: 2022M
 Pre-touch: Disabled
 Parallel Workers: 4
 Concurrent Workers: 1
 Concurrent Refinement Workers: 4
 Periodic GC: Disabled
Heap:
 garbage-first heap   total 155648K, used 98479K [0x0000000081a00000, 0x0000000100000000)
  region size 1024K, 54 young (55296K), 8 survivors (8192K)
 Metaspace       used 65775K, committed 66368K, reserved 1114112K
  class space    used 8387K, committed 8640K, reserved 1048576K
GC Heap History (20 events):
Event: 9.715 GC heap before
{Heap before GC invocations=14 (full 0):
 garbage-first heap   total 48128K, used 36508K [0x0000000081a00000, 0x0000000100000000)
  region size 1024K, 17 young (17408K), 2 survivors (2048K)
 Metaspace       used 54527K, committed 54912K, reserved 1114112K
  class space    used 7061K, committed 7232K, reserved 1048576K
}
Event: 9.720 GC heap after
{Heap after GC invocations=15 (full 0):
 garbage-first heap   total 48128K, used 23408K [0x0000000081a00000, 0x0000000100000000)
  region size 1024K, 3 young (3072K), 3 survivors (3072K)
 Metaspace       used 54527K, committed 54912K, reserved 1114112K
  class space    used 7061K, committed 7232K, reserved 1048576K
}
Event: 10.240 GC heap before
{Heap before GC invocations=15 (full 0):
 garbage-first heap   total 48128K, used 36720K [0x0000000081a00000, 0x0000000100000000)
  region size 1024K, 16 young (16384K), 3 survivors (3072K)
 Metaspace       used 56164K, committed 56640K, reserved 1114112K
  class space    used 7264K, committed 7488K, reserved 1048576K
}
Event: 10.247 GC heap after
{Heap after GC invocations=16 (full 0):
 garbage-first heap   total 48128K, used 24762K [0x0000000081a00000, 0x0000000100000000)
  region size 1024K, 2 young (2048K), 2 survivors (2048K)
 Metaspace       used 56164K, committed 56640K, reserved 1114112K
  class space    used 7264K, committed 7488K, reserved 1048576K
}
Event: 11.020 GC heap before
{Heap before GC invocations=16 (full 0):
 garbage-first heap   total 48128K, used 38074K [0x0000000081a00000, 0x0000000100000000)
  region size 1024K, 15 young (15360K), 2 survivors (2048K)
 Metaspace       used 58587K, committed 59008K, reserved 1114112K
  class space    used 7552K, committed 7744K, reserved 1048576K
}
Event: 11.025 GC heap after
{Heap after GC invocations=17 (full 0):
 garbage-first heap   total 48128K, used 26306K [0x0000000081a00000, 0x0000000100000000)
  region size 1024K, 2 young (2048K), 2 survivors (2048K)
 Metaspace       used 58587K, committed 59008K, reserved 1114112K
  class space    used 7552K, committed 7744K, reserved 1048576K
}
Event: 11.171 GC heap before
{Heap before GC invocations=18 (full 0):
 garbage-first heap   total 50176K, used 39618K [0x0000000081a00000, 0x0000000100000000)
  region size 1024K, 14 young (14336K), 2 survivors (2048K)
 Metaspace       used 58838K, committed 59328K, reserved 1114112K
  class space    used 7576K, committed 7808K, reserved 1048576K
}
Event: 11.176 GC heap after
{Heap after GC invocations=19 (full 0):
 garbage-first heap   total 50176K, used 30294K [0x0000000081a00000, 0x0000000100000000)
  region size 1024K, 2 young (2048K), 2 survivors (2048K)
 Metaspace       used 58838K, committed 59328K, reserved 1114112K
  class space    used 7576K, committed 7808K, reserved 1048576K
}
Event: 11.179 GC heap before
{Heap before GC invocations=19 (full 0):
 garbage-first heap   total 50176K, used 31318K [0x0000000081a00000, 0x0000000100000000)
  region size 1024K, 3 young (3072K), 2 survivors (2048K)
 Metaspace       used 58838K, committed 59328K, reserved 1114112K
  class space    used 7576K, committed 7808K, reserved 1048576K
}
Event: 11.182 GC heap after
{Heap after GC invocations=20 (full 0):
 garbage-first heap   total 50176K, used 30850K [0x0000000081a00000, 0x0000000100000000)
  region size 1024K, 1 young (1024K), 1 survivors (1024K)
 Metaspace       used 58838K, committed 59328K, reserved 1114112K
  class space    used 7576K, committed 7808K, reserved 1048576K
}
Event: 11.266 GC heap before
{Heap before GC invocations=20 (full 0):
 garbage-first heap   total 50176K, used 38018K [0x0000000081a00000, 0x0000000100000000)
  region size 1024K, 9 young (9216K), 1 survivors (1024K)
 Metaspace       used 58847K, committed 59328K, reserved 1114112K
  class space    used 7576K, committed 7808K, reserved 1048576K
}
Event: 11.268 GC heap after
{Heap after GC invocations=21 (full 0):
 garbage-first heap   total 50176K, used 32269K [0x0000000081a00000, 0x0000000100000000)
  region size 1024K, 2 young (2048K), 2 survivors (2048K)
 Metaspace       used 58847K, committed 59328K, reserved 1114112K
  class space    used 7576K, committed 7808K, reserved 1048576K
}
Event: 11.380 GC heap before
{Heap before GC invocations=21 (full 0):
 garbage-first heap   total 63488K, used 38413K [0x0000000081a00000, 0x0000000100000000)
  region size 1024K, 9 young (9216K), 2 survivors (2048K)
 Metaspace       used 58855K, committed 59328K, reserved 1114112K
  class space    used 7579K, committed 7808K, reserved 1048576K
}
Event: 11.384 GC heap after
{Heap after GC invocations=22 (full 0):
 garbage-first heap   total 63488K, used 32765K [0x0000000081a00000, 0x0000000100000000)
  region size 1024K, 2 young (2048K), 2 survivors (2048K)
 Metaspace       used 58855K, committed 59328K, reserved 1114112K
  class space    used 7579K, committed 7808K, reserved 1048576K
}
Event: 11.776 GC heap before
{Heap before GC invocations=23 (full 0):
 garbage-first heap   total 63488K, used 48125K [0x0000000081a00000, 0x0000000100000000)
  region size 1024K, 17 young (17408K), 2 survivors (2048K)
 Metaspace       used 58918K, committed 59392K, reserved 1114112K
  class space    used 7588K, committed 7808K, reserved 1048576K
}
Event: 11.783 GC heap after
{Heap after GC invocations=24 (full 0):
 garbage-first heap   total 63488K, used 38912K [0x0000000081a00000, 0x0000000100000000)
  region size 1024K, 3 young (3072K), 3 survivors (3072K)
 Metaspace       used 58918K, committed 59392K, reserved 1114112K
  class space    used 7588K, committed 7808K, reserved 1048576K
}
Event: 11.793 GC heap before
{Heap before GC invocations=24 (full 0):
 garbage-first heap   total 63488K, used 39936K [0x0000000081a00000, 0x0000000100000000)
  region size 1024K, 4 young (4096K), 3 survivors (3072K)
 Metaspace       used 58918K, committed 59392K, reserved 1114112K
  class space    used 7588K, committed 7808K, reserved 1048576K
}
Event: 11.799 GC heap after
{Heap after GC invocations=25 (full 0):
 garbage-first heap   total 155648K, used 39472K [0x0000000081a00000, 0x0000000100000000)
  region size 1024K, 1 young (1024K), 1 survivors (1024K)
 Metaspace       used 58918K, committed 59392K, reserved 1114112K
  class space    used 7588K, committed 7808K, reserved 1048576K
}
Event: 12.477 GC heap before
{Heap before GC invocations=25 (full 0):
 garbage-first heap   total 155648K, used 97840K [0x0000000081a00000, 0x0000000100000000)
  region size 1024K, 58 young (59392K), 1 survivors (1024K)
 Metaspace       used 59018K, committed 59456K, reserved 1114112K
  class space    used 7593K, committed 7808K, reserved 1048576K
}
Event: 12.492 GC heap after
{Heap after GC invocations=26 (full 0):
 garbage-first heap   total 155648K, used 53423K [0x0000000081a00000, 0x0000000100000000)
  region size 1024K, 8 young (8192K), 8 survivors (8192K)
 Metaspace       used 59018K, committed 59456K, reserved 1114112K
  class space    used 7593K, committed 7808K, reserved 1048576K
}

